[debug] [2024-02-16T00:39:27.156Z] ----------------------------------------------------------------------
[debug] [2024-02-16T00:39:27.158Z] Command:       /usr/local/bin/node /usr/local/bin/firebase init
[debug] [2024-02-16T00:39:27.158Z] CLI Version:   11.25.2
[debug] [2024-02-16T00:39:27.158Z] Platform:      darwin
[debug] [2024-02-16T00:39:27.158Z] Node Version:  v20.11.1
[debug] [2024-02-16T00:39:27.158Z] Time:          Thu Feb 15 2024 16:39:27 GMT-0800 (Pacific Standard Time)
[debug] [2024-02-16T00:39:27.158Z] ----------------------------------------------------------------------
[debug] 
[debug] [2024-02-16T00:39:27.160Z] > command requires scopes: ["email","openid","https://www.googleapis.com/auth/cloudplatformprojects.readonly","https://www.googleapis.com/auth/firebase","https://www.googleapis.com/auth/cloud-platform"]
[debug] [2024-02-16T00:39:27.160Z] > authorizing via signed-in user (chiamaka@uni.minerva.edu)
[info] 
     ######## #### ########  ######## ########     ###     ######  ########
     ##        ##  ##     ## ##       ##     ##  ##   ##  ##       ##
     ######    ##  ########  ######   ########  #########  ######  ######
     ##        ##  ##    ##  ##       ##     ## ##     ##       ## ##
     ##       #### ##     ## ######## ########  ##     ##  ######  ########

You're about to initialize a Firebase project in this directory:

  /Users/chiamakabrowneyes/Desktop/IOSDevProjects/AnyaMessenger

[info] 
=== Project Setup
[info] 
[info] First, let's associate this project directory with a Firebase project.
[info] You can create multiple project aliases by running firebase use --add, 
[info] but for now we'll just set up a default project.
[info] 
[debug] [2024-02-16T00:39:50.818Z] > refreshing access token with scopes: []
[debug] [2024-02-16T00:39:50.820Z] >>> [apiv2][query] POST https://www.googleapis.com/oauth2/v3/token [none]
[debug] [2024-02-16T00:39:50.820Z] >>> [apiv2][body] POST https://www.googleapis.com/oauth2/v3/token [omitted]
[debug] [2024-02-16T00:39:51.060Z] <<< [apiv2][status] POST https://www.googleapis.com/oauth2/v3/token 400
[debug] [2024-02-16T00:39:51.060Z] <<< [apiv2][body] POST https://www.googleapis.com/oauth2/v3/token [omitted]
[debug] [2024-02-16T00:39:51.061Z] >>> [apiv2][query] GET https://firebase.googleapis.com/v1beta1/projects pageSize=100
[debug] [2024-02-16T00:39:51.411Z] <<< [apiv2][status] GET https://firebase.googleapis.com/v1beta1/projects 401
[debug] [2024-02-16T00:39:51.412Z] <<< [apiv2][body] GET https://firebase.googleapis.com/v1beta1/projects [omitted]
[debug] [2024-02-16T00:39:51.412Z] HTTP Error: 401, Request had invalid authentication credentials. Expected OAuth 2 access token, login cookie or other valid authentication credential. See https://developers.google.com/identity/sign-in/web/devconsole-project.
[debug] [2024-02-16T00:39:51.568Z] FirebaseError: HTTP Error: 401, Request had invalid authentication credentials. Expected OAuth 2 access token, login cookie or other valid authentication credential. See https://developers.google.com/identity/sign-in/web/devconsole-project.
    at responseToError (/usr/local/lib/node_modules/firebase-tools/lib/responseToError.js:49:12)
    at RetryOperation._fn (/usr/local/lib/node_modules/firebase-tools/lib/apiv2.js:288:77)
    at process.processTicksAndRejections (node:internal/process/task_queues:95:5)
[error] 
[error] Error: Failed to list Firebase projects. See firebase-debug.log for more info.
